

Started GET "/" for 127.0.0.1 at 2014-01-06 11:47:19 -0500
Processing by Rails::WelcomeController#index as HTML
  Rendered /Users/conor/.rvm/gems/ruby-2.0.0-p353@global/gems/railties-4.0.2/lib/rails/templates/rails/welcome/index.html.erb (2.0ms)
Completed 200 OK in 50ms (Views: 30.7ms | ActiveRecord: 0.0ms)


Started GET "/" for 127.0.0.1 at 2014-01-06 11:52:01 -0500
Processing by HomeController#index as HTML
  Rendered home/index.html.erb within layouts/application (0.9ms)
Completed 200 OK in 507ms (Views: 470.3ms | ActiveRecord: 0.0ms)


Started GET "/assets/jquery.js?body=1" for 127.0.0.1 at 2014-01-06 11:52:02 -0500


Started GET "/assets/home.css?body=1" for 127.0.0.1 at 2014-01-06 11:52:02 -0500


Started GET "/assets/jquery_ujs.js?body=1" for 127.0.0.1 at 2014-01-06 11:52:02 -0500


Started GET "/assets/turbolinks.js?body=1" for 127.0.0.1 at 2014-01-06 11:52:02 -0500


Started GET "/assets/application.css?body=1" for 127.0.0.1 at 2014-01-06 11:52:02 -0500


Started GET "/assets/home.js?body=1" for 127.0.0.1 at 2014-01-06 11:52:02 -0500


Started GET "/assets/application.js?body=1" for 127.0.0.1 at 2014-01-06 11:52:02 -0500


Started GET "/breads" for 127.0.0.1 at 2014-01-06 12:01:22 -0500

ActiveRecord::PendingMigrationError (Migrations are pending; run 'bin/rake db:migrate RAILS_ENV=development' to resolve this issue.):
  activerecord (4.0.2) lib/active_record/migration.rb:379:in `check_pending!'
  activerecord (4.0.2) lib/active_record/migration.rb:366:in `call'
  actionpack (4.0.2) lib/action_dispatch/middleware/callbacks.rb:29:in `block in call'
  activesupport (4.0.2) lib/active_support/callbacks.rb:373:in `_run__432525870821330879__call__callbacks'
  activesupport (4.0.2) lib/active_support/callbacks.rb:80:in `run_callbacks'
  actionpack (4.0.2) lib/action_dispatch/middleware/callbacks.rb:27:in `call'
  actionpack (4.0.2) lib/action_dispatch/middleware/reloader.rb:64:in `call'
  actionpack (4.0.2) lib/action_dispatch/middleware/remote_ip.rb:76:in `call'
  actionpack (4.0.2) lib/action_dispatch/middleware/debug_exceptions.rb:17:in `call'
  actionpack (4.0.2) lib/action_dispatch/middleware/show_exceptions.rb:30:in `call'
  railties (4.0.2) lib/rails/rack/logger.rb:38:in `call_app'
  railties (4.0.2) lib/rails/rack/logger.rb:20:in `block in call'
  activesupport (4.0.2) lib/active_support/tagged_logging.rb:67:in `block in tagged'
  activesupport (4.0.2) lib/active_support/tagged_logging.rb:25:in `tagged'
  activesupport (4.0.2) lib/active_support/tagged_logging.rb:67:in `tagged'
  railties (4.0.2) lib/rails/rack/logger.rb:20:in `call'
  actionpack (4.0.2) lib/action_dispatch/middleware/request_id.rb:21:in `call'
  rack (1.5.2) lib/rack/methodoverride.rb:21:in `call'
  rack (1.5.2) lib/rack/runtime.rb:17:in `call'
  activesupport (4.0.2) lib/active_support/cache/strategy/local_cache.rb:83:in `call'
  rack (1.5.2) lib/rack/lock.rb:17:in `call'
  actionpack (4.0.2) lib/action_dispatch/middleware/static.rb:64:in `call'
  rack (1.5.2) lib/rack/sendfile.rb:112:in `call'
  railties (4.0.2) lib/rails/engine.rb:511:in `call'
  railties (4.0.2) lib/rails/application.rb:97:in `call'
  rack (1.5.2) lib/rack/lock.rb:17:in `call'
  rack (1.5.2) lib/rack/content_length.rb:14:in `call'
  rack (1.5.2) lib/rack/handler/webrick.rb:60:in `service'
  /Users/conor/.rvm/rubies/ruby-2.0.0-p353/lib/ruby/2.0.0/webrick/httpserver.rb:138:in `service'
  /Users/conor/.rvm/rubies/ruby-2.0.0-p353/lib/ruby/2.0.0/webrick/httpserver.rb:94:in `run'
  /Users/conor/.rvm/rubies/ruby-2.0.0-p353/lib/ruby/2.0.0/webrick/server.rb:295:in `block in start_thread'


  Rendered /Users/conor/.rvm/gems/ruby-2.0.0-p353@global/gems/actionpack-4.0.2/lib/action_dispatch/middleware/templates/rescues/_source.erb (0.6ms)
  Rendered /Users/conor/.rvm/gems/ruby-2.0.0-p353@global/gems/actionpack-4.0.2/lib/action_dispatch/middleware/templates/rescues/_trace.erb (1.1ms)
  Rendered /Users/conor/.rvm/gems/ruby-2.0.0-p353@global/gems/actionpack-4.0.2/lib/action_dispatch/middleware/templates/rescues/_request_and_response.erb (0.8ms)
  Rendered /Users/conor/.rvm/gems/ruby-2.0.0-p353@global/gems/actionpack-4.0.2/lib/action_dispatch/middleware/templates/rescues/diagnostics.erb within rescues/layout (20.6ms)
  [1m[36m (1.6ms)[0m  [1mCREATE TABLE "schema_migrations" ("version" varchar(255) NOT NULL) [0m
  [1m[35m (1.3ms)[0m  CREATE UNIQUE INDEX "unique_schema_migrations" ON "schema_migrations" ("version")
  [1m[36mActiveRecord::SchemaMigration Load (0.1ms)[0m  [1mSELECT "schema_migrations".* FROM "schema_migrations"[0m
Migrating to CreateBreads (20140106170050)
  [1m[35m (0.1ms)[0m  begin transaction
  [1m[36m (0.3ms)[0m  [1mCREATE TABLE "breads" ("id" INTEGER PRIMARY KEY AUTOINCREMENT NOT NULL, "name" varchar(255), "rating" integer, "date" date, "preferment" varchar(255), "room_temp" integer, "water_temp" integer, "created_at" datetime, "updated_at" datetime) [0m
  [1m[35mSQL (0.2ms)[0m  INSERT INTO "schema_migrations" ("version") VALUES (?)  [["version", "20140106170050"]]
  [1m[36m (1.0ms)[0m  [1mcommit transaction[0m
  [1m[35mActiveRecord::SchemaMigration Load (0.1ms)[0m  SELECT "schema_migrations".* FROM "schema_migrations"


Started GET "/breads" for 127.0.0.1 at 2014-01-06 12:02:29 -0500
  [1m[36mActiveRecord::SchemaMigration Load (0.1ms)[0m  [1mSELECT "schema_migrations".* FROM "schema_migrations"[0m
Processing by BreadsController#index as HTML
  [1m[35mBread Load (0.2ms)[0m  SELECT "breads".* FROM "breads"
  Rendered breads/index.html.erb within layouts/application (1.4ms)
Completed 200 OK in 242ms (Views: 201.9ms | ActiveRecord: 0.2ms)


Started GET "/assets/scaffolds.css?body=1" for 127.0.0.1 at 2014-01-06 12:02:30 -0500


Started GET "/assets/breads.css?body=1" for 127.0.0.1 at 2014-01-06 12:02:30 -0500


Started GET "/assets/home.css?body=1" for 127.0.0.1 at 2014-01-06 12:02:30 -0500


Started GET "/assets/breads.js?body=1" for 127.0.0.1 at 2014-01-06 12:02:30 -0500


Started GET "/assets/application.css?body=1" for 127.0.0.1 at 2014-01-06 12:02:30 -0500


Started GET "/assets/jquery.js?body=1" for 127.0.0.1 at 2014-01-06 12:02:30 -0500


Started GET "/assets/jquery_ujs.js?body=1" for 127.0.0.1 at 2014-01-06 12:02:30 -0500


Started GET "/assets/turbolinks.js?body=1" for 127.0.0.1 at 2014-01-06 12:02:30 -0500


Started GET "/assets/home.js?body=1" for 127.0.0.1 at 2014-01-06 12:02:30 -0500


Started GET "/assets/application.js?body=1" for 127.0.0.1 at 2014-01-06 12:02:30 -0500


Started GET "/breads/new" for 127.0.0.1 at 2014-01-06 12:02:33 -0500
Processing by BreadsController#new as HTML
  Rendered breads/_form.html.erb (58.0ms)
  Rendered breads/new.html.erb within layouts/application (64.9ms)
Completed 200 OK in 71ms (Views: 69.5ms | ActiveRecord: 0.3ms)


Started POST "/breads" for 127.0.0.1 at 2014-01-06 12:03:04 -0500
Processing by BreadsController#create as HTML
  Parameters: {"utf8"=>"✓", "authenticity_token"=>"EqYvhfw/mEBETjMM2dNEZ63R24oza2kwC0f2k61YQuk=", "bread"=>{"name"=>"Harvest Bread", "rating"=>"8", "date(1i)"=>"2014", "date(2i)"=>"1", "date(3i)"=>"6", "preferment"=>"Poolish", "room_temp"=>"65", "water_temp"=>"90"}, "commit"=>"Create Bread"}
  [1m[36m (0.1ms)[0m  [1mbegin transaction[0m
  [1m[35mSQL (2.7ms)[0m  INSERT INTO "breads" ("created_at", "date", "name", "preferment", "rating", "room_temp", "updated_at", "water_temp") VALUES (?, ?, ?, ?, ?, ?, ?, ?)  [["created_at", Mon, 06 Jan 2014 17:03:04 UTC +00:00], ["date", Mon, 06 Jan 2014], ["name", "Harvest Bread"], ["preferment", "Poolish"], ["rating", 8], ["room_temp", 65], ["updated_at", Mon, 06 Jan 2014 17:03:04 UTC +00:00], ["water_temp", 90]]
  [1m[36m (1.5ms)[0m  [1mcommit transaction[0m
Redirected to http://localhost:3000/breads/1
Completed 302 Found in 9ms (ActiveRecord: 4.3ms)


Started GET "/breads/1" for 127.0.0.1 at 2014-01-06 12:03:04 -0500
Processing by BreadsController#show as HTML
  Parameters: {"id"=>"1"}
  [1m[35mBread Load (0.2ms)[0m  SELECT "breads".* FROM "breads" WHERE "breads"."id" = ? LIMIT 1  [["id", "1"]]
  Rendered breads/show.html.erb within layouts/application (1.0ms)
Completed 200 OK in 8ms (Views: 5.0ms | ActiveRecord: 0.2ms)


Started GET "/assets/application.css?body=1" for 127.0.0.1 at 2014-01-06 12:03:04 -0500


Started GET "/assets/scaffolds.css?body=1" for 127.0.0.1 at 2014-01-06 12:03:04 -0500


Started GET "/assets/jquery.js?body=1" for 127.0.0.1 at 2014-01-06 12:03:04 -0500


Started GET "/assets/home.css?body=1" for 127.0.0.1 at 2014-01-06 12:03:04 -0500


Started GET "/assets/breads.css?body=1" for 127.0.0.1 at 2014-01-06 12:03:04 -0500


Started GET "/assets/jquery_ujs.js?body=1" for 127.0.0.1 at 2014-01-06 12:03:04 -0500


Started GET "/assets/turbolinks.js?body=1" for 127.0.0.1 at 2014-01-06 12:03:04 -0500


Started GET "/assets/breads.js?body=1" for 127.0.0.1 at 2014-01-06 12:03:04 -0500


Started GET "/assets/home.js?body=1" for 127.0.0.1 at 2014-01-06 12:03:04 -0500


Started GET "/assets/application.js?body=1" for 127.0.0.1 at 2014-01-06 12:03:04 -0500


Started GET "/breads" for 127.0.0.1 at 2014-01-06 12:03:07 -0500
Processing by BreadsController#index as HTML
  [1m[36mBread Load (0.2ms)[0m  [1mSELECT "breads".* FROM "breads"[0m
  Rendered breads/index.html.erb within layouts/application (2.1ms)
Completed 200 OK in 7ms (Views: 6.3ms | ActiveRecord: 0.2ms)


Started GET "/breads/1" for 127.0.0.1 at 2014-01-06 12:03:09 -0500
Processing by BreadsController#show as HTML
  Parameters: {"id"=>"1"}
  [1m[35mBread Load (0.1ms)[0m  SELECT "breads".* FROM "breads" WHERE "breads"."id" = ? LIMIT 1  [["id", "1"]]
  Rendered breads/show.html.erb within layouts/application (0.9ms)
Completed 200 OK in 6ms (Views: 5.1ms | ActiveRecord: 0.1ms)
