# Logfile created on 2014-01-06 11:42:01 -0500 by logger.rb/41954
I, [2014-01-06T11:42:01.135991 #83894]  INFO -- : 0:  rake (10.1.1) from /Users/conor/.rvm/gems/ruby-2.0.0-p353/specifications/rake-10.1.1.gemspec
I, [2014-01-06T11:42:01.136362 #83894]  INFO -- : 0:  i18n (0.6.9) from /Users/conor/.rvm/gems/ruby-2.0.0-p353@global/specifications/i18n-0.6.9.gemspec
I, [2014-01-06T11:42:01.136614 #83894]  INFO -- : 0:  minitest (4.7.5) from /Users/conor/.rvm/gems/ruby-2.0.0-p353/specifications/minitest-4.7.5.gemspec
I, [2014-01-06T11:42:01.136854 #83894]  INFO -- : 0:  multi_json (1.8.2) from /Users/conor/.rvm/gems/ruby-2.0.0-p353@global/specifications/multi_json-1.8.2.gemspec
I, [2014-01-06T11:42:01.137087 #83894]  INFO -- : 0:  atomic (1.1.14) from /Users/conor/.rvm/gems/ruby-2.0.0-p353@global/specifications/atomic-1.1.14.gemspec
I, [2014-01-06T11:42:01.137322 #83894]  INFO -- : 0:  thread_safe (0.1.3) from /Users/conor/.rvm/gems/ruby-2.0.0-p353@global/specifications/thread_safe-0.1.3.gemspec
I, [2014-01-06T11:42:01.137552 #83894]  INFO -- : 0:  tzinfo (0.3.38) from /Users/conor/.rvm/gems/ruby-2.0.0-p353@global/specifications/tzinfo-0.3.38.gemspec
I, [2014-01-06T11:42:01.137782 #83894]  INFO -- : 0:  activesupport (4.0.2) from /Users/conor/.rvm/gems/ruby-2.0.0-p353@global/specifications/activesupport-4.0.2.gemspec
I, [2014-01-06T11:42:01.138011 #83894]  INFO -- : 0:  builder (3.1.4) from /Users/conor/.rvm/gems/ruby-2.0.0-p353@global/specifications/builder-3.1.4.gemspec
I, [2014-01-06T11:42:01.138245 #83894]  INFO -- : 0:  erubis (2.7.0) from /Users/conor/.rvm/gems/ruby-2.0.0-p353@global/specifications/erubis-2.7.0.gemspec
I, [2014-01-06T11:42:01.138458 #83894]  INFO -- : 0:  rack (1.5.2) from /Users/conor/.rvm/gems/ruby-2.0.0-p353@global/specifications/rack-1.5.2.gemspec
I, [2014-01-06T11:42:01.138671 #83894]  INFO -- : 0:  rack-test (0.6.2) from /Users/conor/.rvm/gems/ruby-2.0.0-p353@global/specifications/rack-test-0.6.2.gemspec
I, [2014-01-06T11:42:01.138882 #83894]  INFO -- : 0:  actionpack (4.0.2) from /Users/conor/.rvm/gems/ruby-2.0.0-p353@global/specifications/actionpack-4.0.2.gemspec
I, [2014-01-06T11:42:01.139096 #83894]  INFO -- : 0:  mime-types (1.25.1) from /Users/conor/.rvm/gems/ruby-2.0.0-p353@global/specifications/mime-types-1.25.1.gemspec
I, [2014-01-06T11:42:01.139343 #83894]  INFO -- : 0:  polyglot (0.3.3) from /Users/conor/.rvm/gems/ruby-2.0.0-p353@global/specifications/polyglot-0.3.3.gemspec
I, [2014-01-06T11:42:01.139583 #83894]  INFO -- : 0:  treetop (1.4.15) from /Users/conor/.rvm/gems/ruby-2.0.0-p353@global/specifications/treetop-1.4.15.gemspec
I, [2014-01-06T11:42:01.139805 #83894]  INFO -- : 0:  mail (2.5.4) from /Users/conor/.rvm/gems/ruby-2.0.0-p353@global/specifications/mail-2.5.4.gemspec
I, [2014-01-06T11:42:01.140030 #83894]  INFO -- : 0:  actionmailer (4.0.2) from /Users/conor/.rvm/gems/ruby-2.0.0-p353@global/specifications/actionmailer-4.0.2.gemspec
I, [2014-01-06T11:42:01.140255 #83894]  INFO -- : 0:  activemodel (4.0.2) from /Users/conor/.rvm/gems/ruby-2.0.0-p353@global/specifications/activemodel-4.0.2.gemspec
I, [2014-01-06T11:42:01.140485 #83894]  INFO -- : 0:  activerecord-deprecated_finders (1.0.3) from /Users/conor/.rvm/gems/ruby-2.0.0-p353@global/specifications/activerecord-deprecated_finders-1.0.3.gemspec
I, [2014-01-06T11:42:01.140701 #83894]  INFO -- : 0:  arel (4.0.1) from /Users/conor/.rvm/gems/ruby-2.0.0-p353@global/specifications/arel-4.0.1.gemspec
I, [2014-01-06T11:42:01.140915 #83894]  INFO -- : 0:  activerecord (4.0.2) from /Users/conor/.rvm/gems/ruby-2.0.0-p353@global/specifications/activerecord-4.0.2.gemspec
I, [2014-01-06T11:42:01.141114 #83894]  INFO -- : 0:  bundler (1.5.1) from /Users/conor/.rvm/gems/ruby-2.0.0-p353@global/specifications/bundler-1.5.1.gemspec
I, [2014-01-06T11:42:01.141324 #83894]  INFO -- : 0:  coffee-script-source (1.6.3) from /Users/conor/.rvm/gems/ruby-2.0.0-p353/specifications/coffee-script-source-1.6.3.gemspec
I, [2014-01-06T11:42:01.141530 #83894]  INFO -- : 0:  execjs (2.0.2) from /Users/conor/.rvm/gems/ruby-2.0.0-p353/specifications/execjs-2.0.2.gemspec
I, [2014-01-06T11:42:01.141748 #83894]  INFO -- : 0:  coffee-script (2.2.0) from /Users/conor/.rvm/gems/ruby-2.0.0-p353/specifications/coffee-script-2.2.0.gemspec
I, [2014-01-06T11:42:01.141956 #83894]  INFO -- : 0:  thor (0.18.1) from /Users/conor/.rvm/gems/ruby-2.0.0-p353@global/specifications/thor-0.18.1.gemspec
I, [2014-01-06T11:42:01.142167 #83894]  INFO -- : 0:  railties (4.0.2) from /Users/conor/.rvm/gems/ruby-2.0.0-p353@global/specifications/railties-4.0.2.gemspec
I, [2014-01-06T11:42:01.142392 #83894]  INFO -- : 0:  coffee-rails (4.0.1) from /Users/conor/.rvm/gems/ruby-2.0.0-p353/specifications/coffee-rails-4.0.1.gemspec
I, [2014-01-06T11:42:01.142629 #83894]  INFO -- : 0:  hike (1.2.3) from /Users/conor/.rvm/gems/ruby-2.0.0-p353@global/specifications/hike-1.2.3.gemspec
I, [2014-01-06T11:42:01.142858 #83894]  INFO -- : 0:  jbuilder (1.5.3) from /Users/conor/.rvm/gems/ruby-2.0.0-p353/specifications/jbuilder-1.5.3.gemspec
I, [2014-01-06T11:42:01.143085 #83894]  INFO -- : 0:  jquery-rails (3.0.4) from /Users/conor/.rvm/gems/ruby-2.0.0-p353/specifications/jquery-rails-3.0.4.gemspec
I, [2014-01-06T11:42:01.143295 #83894]  INFO -- : 0:  json (1.8.1) from /Users/conor/.rvm/gems/ruby-2.0.0-p353/specifications/json-1.8.1.gemspec
I, [2014-01-06T11:42:01.143505 #83894]  INFO -- : 0:  tilt (1.4.1) from /Users/conor/.rvm/gems/ruby-2.0.0-p353@global/specifications/tilt-1.4.1.gemspec
I, [2014-01-06T11:42:01.143716 #83894]  INFO -- : 0:  sprockets (2.10.1) from /Users/conor/.rvm/gems/ruby-2.0.0-p353@global/specifications/sprockets-2.10.1.gemspec
I, [2014-01-06T11:42:01.143927 #83894]  INFO -- : 0:  sprockets-rails (2.0.1) from /Users/conor/.rvm/gems/ruby-2.0.0-p353@global/specifications/sprockets-rails-2.0.1.gemspec
I, [2014-01-06T11:42:01.144132 #83894]  INFO -- : 0:  rails (4.0.2) from /Users/conor/.rvm/gems/ruby-2.0.0-p353/specifications/rails-4.0.2.gemspec
I, [2014-01-06T11:42:01.144342 #83894]  INFO -- : 0:  rdoc (3.12.2) from /Users/conor/.rvm/gems/ruby-2.0.0-p353/specifications/rdoc-3.12.2.gemspec
I, [2014-01-06T11:42:01.144548 #83894]  INFO -- : 0:  sass (3.2.13) from /Users/conor/.rvm/gems/ruby-2.0.0-p353/specifications/sass-3.2.13.gemspec
I, [2014-01-06T11:42:01.144753 #83894]  INFO -- : 0:  sass-rails (4.0.1) from /Users/conor/.rvm/gems/ruby-2.0.0-p353/specifications/sass-rails-4.0.1.gemspec
I, [2014-01-06T11:42:01.144959 #83894]  INFO -- : 0:  sdoc (0.3.20) from /Users/conor/.rvm/gems/ruby-2.0.0-p353/specifications/sdoc-0.3.20.gemspec
I, [2014-01-06T11:42:01.145166 #83894]  INFO -- : 0:  sqlite3 (1.3.8) from /Users/conor/.rvm/gems/ruby-2.0.0-p353/specifications/sqlite3-1.3.8.gemspec
I, [2014-01-06T11:42:01.145395 #83894]  INFO -- : 0:  turbolinks (2.1.0) from /Users/conor/.rvm/gems/ruby-2.0.0-p353/specifications/turbolinks-2.1.0.gemspec
I, [2014-01-06T11:42:01.145625 #83894]  INFO -- : 0:  uglifier (2.4.0) from /Users/conor/.rvm/gems/ruby-2.0.0-p353/specifications/uglifier-2.4.0.gemspec
